<?xml version="1.0" encoding="UTF-8"?>
<!-- Generated by org.testng.reporters.JUnitReportReporter -->
<testsuite hostname="DESKTOP-HJKF6RT" failures="0" tests="8" name="com.sgtesting.scenorio.Assignment2" time="66.374" errors="0" timestamp="2022-12-30T03:47:45 GMT-08:00" skipped="0">
  <testcase classname="com.sgtesting.scenorio.Assignment2" name="LaunchBrowser" time="1.925"/>
  <system-out/>
  <testcase classname="com.sgtesting.scenorio.Assignment2" name="navigate" time="5.656"/>
  <system-out/>
  <testcase classname="com.sgtesting.scenorio.Assignment2" name="login" time="7.275"/>
  <system-out/>
  <testcase classname="com.sgtesting.scenorio.Assignment2" name="Createuser" time="18.964"/>
  <system-out/>
  <testcase classname="com.sgtesting.scenorio.Assignment2" name="modifieuser" time="10.678"/>
  <system-out/>
  <testcase classname="com.sgtesting.scenorio.Assignment2" name="deleteuser" time="17.310"/>
  <system-out/>
  <testcase classname="com.sgtesting.scenorio.Assignment2" name="Logout" time="4.306"/>
  <system-out/>
  <testcase classname="com.sgtesting.scenorio.Assignment2" name="closeApp" time="0.260"/>
  <system-out/>
</testsuite> <!-- com.sgtesting.scenorio.Assignment2 -->
